Using pre-set license
Built from '2020.3/staging' branch; Version is '2020.3.21f1 (a38c86f6690f) revision 10718342'; Using compiler version '192528614'; Build Type 'Release'
OS: 'Windows 10 Education; OS build 19042.1348; Version 2009; 64bit' Language: 'en' Physical Memory: 32706 MB
BatchMode: 1, IsHumanControllingUs: 0, StartBugReporterOnCrash: 0, Is64bit: 1, IsPro: 0

COMMAND LINE ARGUMENTS:
C:\Program Files\Unity\Hub\Editor\2020.3.21f1\Editor\Unity.exe
-adb2
-batchMode
-noUpm
-name
AssetImportWorker0
-projectPath
C:/Users/Gandalario/Documents/Unity Projects/VRIF_SteamVR
-logFile
Logs/AssetImportWorker0.log
-srvPort
51741
Successfully changed project path to: C:/Users/Gandalario/Documents/Unity Projects/VRIF_SteamVR
C:/Users/Gandalario/Documents/Unity Projects/VRIF_SteamVR
Using Asset Import Pipeline V2.
Refreshing native plugins compatible for Editor in 110.82 ms, found 8 plugins.
Preloading 1 native plugins for Editor in 1.13 ms.
Initialize engine version: 2020.3.21f1 (a38c86f6690f)
[Subsystems] Discovering subsystems at path C:/Program Files/Unity/Hub/Editor/2020.3.21f1/Editor/Data/Resources/UnitySubsystems
[Subsystems] Discovering subsystems at path C:/Users/Gandalario/Documents/Unity Projects/VRIF_SteamVR/Assets
GfxDevice: creating device client; threaded=0
Direct3D:
    Version:  Direct3D 11.0 [level 11.1]
    Renderer: NVIDIA GeForce RTX 2070 SUPER (ID=0x1e84)
    Vendor:   
    VRAM:     8011 MB
    Driver:   30.0.14.9709
Initialize mono
Mono path[0] = 'C:/Program Files/Unity/Hub/Editor/2020.3.21f1/Editor/Data/Managed'
Mono path[1] = 'C:/Program Files/Unity/Hub/Editor/2020.3.21f1/Editor/Data/MonoBleedingEdge/lib/mono/unityjit'
Mono config path = 'C:/Program Files/Unity/Hub/Editor/2020.3.21f1/Editor/Data/MonoBleedingEdge/etc'
Using monoOptions --debugger-agent=transport=dt_socket,embedding=1,server=y,suspend=n,address=127.0.0.1:56564
Begin MonoManager ReloadAssembly
Registering precompiled unity dll's ...
Register platform support module: C:/Program Files/Unity/Hub/Editor/2020.3.21f1/Editor/Data/PlaybackEngines/WindowsStandaloneSupport/UnityEditor.WindowsStandalone.Extensions.dll
Registered in 0.002407 seconds.
Native extension for WindowsStandalone target not found
Refreshing native plugins compatible for Editor in 108.34 ms, found 8 plugins.
Preloading 1 native plugins for Editor in 0.10 ms.
Mono: successfully reloaded assembly
- Completed reload, in  1.440 seconds
Domain Reload Profiling:
	ReloadAssembly (1441ms)
		BeginReloadAssembly (72ms)
			ExecutionOrderSort (0ms)
			DisableScriptedObjects (0ms)
			BackupInstance (0ms)
			ReleaseScriptingObjects (0ms)
			CreateAndSetChildDomain (1ms)
		EndReloadAssembly (684ms)
			LoadAssemblies (70ms)
			RebuildTransferFunctionScriptingTraits (0ms)
			SetupTypeCache (230ms)
			ReleaseScriptCaches (0ms)
			RebuildScriptCaches (41ms)
			SetupLoadedEditorAssemblies (282ms)
				LogAssemblyErrors (0ms)
				InitializePlatformSupportModulesInManaged (6ms)
				SetLoadedEditorAssemblies (0ms)
				RefreshPlugins (109ms)
				BeforeProcessingInitializeOnLoad (18ms)
				ProcessInitializeOnLoadAttributes (113ms)
				ProcessInitializeOnLoadMethodAttributes (36ms)
				AfterProcessingInitializeOnLoad (0ms)
				EditorAssembliesLoaded (0ms)
			ExecutionOrderSort2 (0ms)
			AwakeInstancesAfterBackupRestoration (0ms)
Platform modules already initialized, skipping
Registering precompiled user dll's ...
Registered in 0.009569 seconds.
Begin MonoManager ReloadAssembly
Native extension for WindowsStandalone target not found
Refreshing native plugins compatible for Editor in 102.28 ms, found 8 plugins.
Preloading 1 native plugins for Editor in 0.15 ms.
[XR] OculusXRPlugin: registering subsystems
[XR] Unable to register display lifecyle provider: [1]
[XR] Oculus Input lifecycle provider registered.
[XR] Unable to register input lifecyle provider: [1]
System.Reflection.TargetInvocationException: Exception has been thrown by the target of an invocation. ---> System.NullReferenceException: Object reference not set to an instance of an object
  at Unity.XR.Oculus.OculusLoader.AssetPathToAbsolutePath (System.String assetPath) [0x00048] in C:\Users\Gandalario\Documents\Unity Projects\VRIF_SteamVR\Library\PackageCache\com.unity.xr.oculus@1.10.0\Runtime\OculusLoader.cs:250 
  at Unity.XR.Oculus.OculusLoader.EditorLoadOVRPlugin () [0x0007b] in C:\Users\Gandalario\Documents\Unity Projects\VRIF_SteamVR\Library\PackageCache\com.unity.xr.oculus@1.10.0\Runtime\OculusLoader.cs:235 
  at (wrapper managed-to-native) System.Reflection.MonoMethod.InternalInvoke(System.Reflection.MonoMethod,object,object[],System.Exception&)
  at System.Reflection.MonoMethod.Invoke (System.Object obj, System.Reflection.BindingFlags invokeAttr, System.Reflection.Binder binder, System.Object[] parameters, System.Globalization.CultureInfo culture) [0x00032] in <695d1cc93cca45069c528c15c9fdd749>:0 
   --- End of inner exception stack trace ---
  at System.Reflection.MonoMethod.Invoke (System.Object obj, System.Reflection.BindingFlags invokeAttr, System.Reflection.Binder binder, System.Object[] parameters, System.Globalization.CultureInfo culture) [0x00048] in <695d1cc93cca45069c528c15c9fdd749>:0 
  at System.Reflection.MethodBase.Invoke (System.Object obj, System.Object[] parameters) [0x00000] in <695d1cc93cca45069c528c15c9fdd749>:0 
  at UnityEditor.EditorAssemblies.ProcessInitializeOnLoadMethodAttributes () [0x00047] in <208f92fc783546f9abbe643bfc23920c>:0 
UnityEngine.StackTraceUtility:ExtractStackTrace ()
UnityEngine.DebugLogHandler:LogFormat (UnityEngine.LogType,UnityEngine.Object,string,object[])
UnityEngine.Logger:Log (UnityEngine.LogType,object)
UnityEngine.Debug:LogError (object)
UnityEditor.EditorAssemblies:ProcessInitializeOnLoadMethodAttributes ()

Mono: successfully reloaded assembly
- Completed reload, in  1.844 seconds
Domain Reload Profiling:
	ReloadAssembly (1846ms)
		BeginReloadAssembly (202ms)
			ExecutionOrderSort (0ms)
			DisableScriptedObjects (6ms)
			BackupInstance (0ms)
			ReleaseScriptingObjects (0ms)
			CreateAndSetChildDomain (27ms)
		EndReloadAssembly (1551ms)
			LoadAssemblies (133ms)
			RebuildTransferFunctionScriptingTraits (0ms)
			SetupTypeCache (522ms)
			ReleaseScriptCaches (1ms)
			RebuildScriptCaches (95ms)
			SetupLoadedEditorAssemblies (603ms)
				LogAssemblyErrors (0ms)
				InitializePlatformSupportModulesInManaged (6ms)
				SetLoadedEditorAssemblies (0ms)
				RefreshPlugins (103ms)
				BeforeProcessingInitializeOnLoad (112ms)
				ProcessInitializeOnLoadAttributes (343ms)
				ProcessInitializeOnLoadMethodAttributes (31ms)
				AfterProcessingInitializeOnLoad (8ms)
				EditorAssembliesLoaded (0ms)
			ExecutionOrderSort2 (0ms)
			AwakeInstancesAfterBackupRestoration (7ms)
Platform modules already initialized, skipping
========================================================================
Worker process is ready to serve import requests
Launched and connected shader compiler UnityShaderCompiler.exe after 0.08 seconds
Refreshing native plugins compatible for Editor in 1.76 ms, found 8 plugins.
Preloading 1 native plugins for Editor in 0.22 ms.
Unloading 2773 Unused Serialized files (Serialized files now loaded: 0)
System memory in use before: 116.4 MB.
System memory in use after: 116.6 MB.

Unloading 31 unused Assets to reduce memory usage. Loaded Objects now: 3212.
Total: 6.145100 ms (FindLiveObjects: 0.557100 ms CreateObjectMapping: 0.399600 ms MarkObjects: 5.074000 ms  DeleteObjects: 0.112000 ms)

AssetImportParameters requested are different than current active one (requested -> active):
  custom:framework-win-MediaFoundation: 216162199b28c13a410421893ffa2e32 -> 
  custom:video-decoder-ogg-theora: a1e56fd34408186e4bbccfd4996cb3dc -> 
  custom:container-muxer-webm: aa71ff27fc2769a1b78a27578f13a17b -> 
  custom:container-demuxer-webm: 4f35f7cbe854078d1ac9338744f61a02 -> 
  custom:container-demuxer-ogg: 62fdf1f143b41e24485cea50d1cbac27 -> 
  custom:video-encoder-webm-vp8: eb34c28f22e8b96e1ab97ce403110664 -> 
  custom:video-codec-MediaFoundation-h265: 746d11721c4dcdbdad8f713fa42b33f4 -> 
  custom:video-decoder-webm-vp8: 9c59270c3fd7afecdb556c50c9e8de78 -> 
  custom:audio-decoder-ogg-vorbis: bf7c407c2cedff20999df2af8eb42d56 -> 
  custom:audio-encoder-webm-vorbis: bf7c407c2cedff20999df2af8eb42d56 -> 
========================================================================
Received Import Request.
  path: Assets/SteamVR/Editor
  artifactKey: Guid(c33af0785775d7548b22541da37936fe) Importer(815301076,1909f56bfc062723c751e8b465ee728b)
Start importing Assets/SteamVR/Editor using Guid(c33af0785775d7548b22541da37936fe) Importer(815301076,1909f56bfc062723c751e8b465ee728b)  -> (artifact id: 'd7ec6d68f0da5ef4d41a972f2fceecdf') in 0.016468 seconds 
  Import took 0.024043 seconds .

========================================================================
Received Import Request.
  Time since last request: 0.000322 seconds.
  path: Assets/SteamVR/Editor/SteamVR_Editor.asmdef
  artifactKey: Guid(9bac448de04a4f6448fee1acc220e5a1) Importer(815301076,1909f56bfc062723c751e8b465ee728b)
Start importing Assets/SteamVR/Editor/SteamVR_Editor.asmdef using Guid(9bac448de04a4f6448fee1acc220e5a1) Importer(815301076,1909f56bfc062723c751e8b465ee728b)  -> (artifact id: '5d5a6ac63c9e151755385582869bee6d') in 0.028125 seconds 
  Import took 0.033355 seconds .

========================================================================
Received Import Request.
  Time since last request: 0.000404 seconds.
  path: Assets/SteamVR/SteamVR.asmdef
  artifactKey: Guid(1fbf338ef6b952a448262a7ff7df5fe4) Importer(815301076,1909f56bfc062723c751e8b465ee728b)
Start importing Assets/SteamVR/SteamVR.asmdef using Guid(1fbf338ef6b952a448262a7ff7df5fe4) Importer(815301076,1909f56bfc062723c751e8b465ee728b)  -> (artifact id: 'b5fe19c4b6582d7c8c5237ffb5dc8ac1') in 0.007890 seconds 
  Import took 0.015441 seconds .

========================================================================
Received Import Request.
  Time since last request: 0.165510 seconds.
  path: Assets/SteamVR/Editor/SteamVR_SkyboxEditor.cs
  artifactKey: Guid(80087fbbf7bf93a46bb4aea276b19568) Importer(815301076,1909f56bfc062723c751e8b465ee728b)
Start importing Assets/SteamVR/Editor/SteamVR_SkyboxEditor.cs using Guid(80087fbbf7bf93a46bb4aea276b19568) Importer(815301076,1909f56bfc062723c751e8b465ee728b)  -> (artifact id: '146e389b07bb0238578300910153c1e5') in 0.012025 seconds 
  Import took 0.018642 seconds .

========================================================================
Received Import Request.
  Time since last request: 0.811791 seconds.
  path: Assets/SteamVR/Editor/SteamVR_UnitySettingsWindow.cs
  artifactKey: Guid(d2244eee8a3a4784fb40d1123ff69301) Importer(815301076,1909f56bfc062723c751e8b465ee728b)
Start importing Assets/SteamVR/Editor/SteamVR_UnitySettingsWindow.cs using Guid(d2244eee8a3a4784fb40d1123ff69301) Importer(815301076,1909f56bfc062723c751e8b465ee728b)  -> (artifact id: 'b4d2d6b4f1cd63b8bceb416ee1b10ba4') in 0.009735 seconds 
  Import took 0.015350 seconds .

========================================================================
Received Prepare
Registering precompiled user dll's ...
Registered in 0.009325 seconds.
Begin MonoManager ReloadAssembly
Native extension for WindowsStandalone target not found
Refreshing native plugins compatible for Editor in 1.21 ms, found 8 plugins.
Preloading 1 native plugins for Editor in 0.15 ms.
System.Reflection.TargetInvocationException: Exception has been thrown by the target of an invocation. ---> System.NullReferenceException: Object reference not set to an instance of an object
  at Unity.XR.Oculus.OculusLoader.AssetPathToAbsolutePath (System.String assetPath) [0x00048] in C:\Users\Gandalario\Documents\Unity Projects\VRIF_SteamVR\Library\PackageCache\com.unity.xr.oculus@1.10.0\Runtime\OculusLoader.cs:250 
  at Unity.XR.Oculus.OculusLoader.EditorLoadOVRPlugin () [0x0007b] in C:\Users\Gandalario\Documents\Unity Projects\VRIF_SteamVR\Library\PackageCache\com.unity.xr.oculus@1.10.0\Runtime\OculusLoader.cs:235 
  at (wrapper managed-to-native) System.Reflection.MonoMethod.InternalInvoke(System.Reflection.MonoMethod,object,object[],System.Exception&)
  at System.Reflection.MonoMethod.Invoke (System.Object obj, System.Reflection.BindingFlags invokeAttr, System.Reflection.Binder binder, System.Object[] parameters, System.Globalization.CultureInfo culture) [0x00032] in <695d1cc93cca45069c528c15c9fdd749>:0 
   --- End of inner exception stack trace ---
  at System.Reflection.MonoMethod.Invoke (System.Object obj, System.Reflection.BindingFlags invokeAttr, System.Reflection.Binder binder, System.Object[] parameters, System.Globalization.CultureInfo culture) [0x00048] in <695d1cc93cca45069c528c15c9fdd749>:0 
  at System.Reflection.MethodBase.Invoke (System.Object obj, System.Object[] parameters) [0x00000] in <695d1cc93cca45069c528c15c9fdd749>:0 
  at UnityEditor.EditorAssemblies.ProcessInitializeOnLoadMethodAttributes () [0x00047] in <208f92fc783546f9abbe643bfc23920c>:0 
UnityEngine.StackTraceUtility:ExtractStackTrace ()
UnityEngine.DebugLogHandler:LogFormat (UnityEngine.LogType,UnityEngine.Object,string,object[])
UnityEngine.Logger:Log (UnityEngine.LogType,object)
UnityEngine.Debug:LogError (object)
UnityEditor.EditorAssemblies:ProcessInitializeOnLoadMethodAttributes ()

Mono: successfully reloaded assembly
- Completed reload, in  1.474 seconds
Domain Reload Profiling:
	ReloadAssembly (1475ms)
		BeginReloadAssembly (144ms)
			ExecutionOrderSort (0ms)
			DisableScriptedObjects (5ms)
			BackupInstance (0ms)
			ReleaseScriptingObjects (0ms)
			CreateAndSetChildDomain (49ms)
		EndReloadAssembly (1247ms)
			LoadAssemblies (114ms)
			RebuildTransferFunctionScriptingTraits (0ms)
			SetupTypeCache (470ms)
			ReleaseScriptCaches (1ms)
			RebuildScriptCaches (56ms)
			SetupLoadedEditorAssemblies (456ms)
				LogAssemblyErrors (0ms)
				InitializePlatformSupportModulesInManaged (5ms)
				SetLoadedEditorAssemblies (1ms)
				RefreshPlugins (1ms)
				BeforeProcessingInitializeOnLoad (136ms)
				ProcessInitializeOnLoadAttributes (277ms)
				ProcessInitializeOnLoadMethodAttributes (28ms)
				AfterProcessingInitializeOnLoad (7ms)
				EditorAssembliesLoaded (1ms)
			ExecutionOrderSort2 (0ms)
			AwakeInstancesAfterBackupRestoration (8ms)
Platform modules already initialized, skipping
Refreshing native plugins compatible for Editor in 1.06 ms, found 8 plugins.
Preloading 1 native plugins for Editor in 0.13 ms.
Unloading 2732 Unused Serialized files (Serialized files now loaded: 0)
System memory in use before: 114.4 MB.
System memory in use after: 114.6 MB.

Unloading 23 unused Assets to reduce memory usage. Loaded Objects now: 3216.
Total: 3.436900 ms (FindLiveObjects: 0.314500 ms CreateObjectMapping: 0.152700 ms MarkObjects: 2.935300 ms  DeleteObjects: 0.032900 ms)

AssetImportParameters requested are different than current active one (requested -> active):
  custom:framework-win-MediaFoundation: 216162199b28c13a410421893ffa2e32 -> 
  custom:video-decoder-ogg-theora: a1e56fd34408186e4bbccfd4996cb3dc -> 
  custom:container-muxer-webm: aa71ff27fc2769a1b78a27578f13a17b -> 
  custom:container-demuxer-webm: 4f35f7cbe854078d1ac9338744f61a02 -> 
  custom:container-demuxer-ogg: 62fdf1f143b41e24485cea50d1cbac27 -> 
  custom:video-encoder-webm-vp8: eb34c28f22e8b96e1ab97ce403110664 -> 
  custom:video-codec-MediaFoundation-h265: 746d11721c4dcdbdad8f713fa42b33f4 -> 
  custom:video-decoder-webm-vp8: 9c59270c3fd7afecdb556c50c9e8de78 -> 
  custom:audio-decoder-ogg-vorbis: bf7c407c2cedff20999df2af8eb42d56 -> 
  custom:audio-encoder-webm-vorbis: bf7c407c2cedff20999df2af8eb42d56 -> 
========================================================================
Received Import Request.
  Time since last request: 48.319201 seconds.
  path: Assets/SteamVR/Editor/SteamVR_UnitySettingsWindow.cs
  artifactKey: Guid(d2244eee8a3a4784fb40d1123ff69301) Importer(815301076,1909f56bfc062723c751e8b465ee728b)
Start importing Assets/SteamVR/Editor/SteamVR_UnitySettingsWindow.cs using Guid(d2244eee8a3a4784fb40d1123ff69301) Importer(815301076,1909f56bfc062723c751e8b465ee728b)  -> (artifact id: '145ae12abe627e344007b1b92b0b9bd8') in 0.005793 seconds 
  Import took 0.012574 seconds .

========================================================================
Received Prepare
Registering precompiled user dll's ...
Registered in 0.010089 seconds.
Begin MonoManager ReloadAssembly
Native extension for WindowsStandalone target not found
Refreshing native plugins compatible for Editor in 2.09 ms, found 8 plugins.
Preloading 1 native plugins for Editor in 0.15 ms.
System.Reflection.TargetInvocationException: Exception has been thrown by the target of an invocation. ---> System.NullReferenceException: Object reference not set to an instance of an object
  at Unity.XR.Oculus.OculusLoader.AssetPathToAbsolutePath (System.String assetPath) [0x00048] in C:\Users\Gandalario\Documents\Unity Projects\VRIF_SteamVR\Library\PackageCache\com.unity.xr.oculus@1.10.0\Runtime\OculusLoader.cs:250 
  at Unity.XR.Oculus.OculusLoader.EditorLoadOVRPlugin () [0x0007b] in C:\Users\Gandalario\Documents\Unity Projects\VRIF_SteamVR\Library\PackageCache\com.unity.xr.oculus@1.10.0\Runtime\OculusLoader.cs:235 
  at (wrapper managed-to-native) System.Reflection.MonoMethod.InternalInvoke(System.Reflection.MonoMethod,object,object[],System.Exception&)
  at System.Reflection.MonoMethod.Invoke (System.Object obj, System.Reflection.BindingFlags invokeAttr, System.Reflection.Binder binder, System.Object[] parameters, System.Globalization.CultureInfo culture) [0x00032] in <695d1cc93cca45069c528c15c9fdd749>:0 
   --- End of inner exception stack trace ---
  at System.Reflection.MonoMethod.Invoke (System.Object obj, System.Reflection.BindingFlags invokeAttr, System.Reflection.Binder binder, System.Object[] parameters, System.Globalization.CultureInfo culture) [0x00048] in <695d1cc93cca45069c528c15c9fdd749>:0 
  at System.Reflection.MethodBase.Invoke (System.Object obj, System.Object[] parameters) [0x00000] in <695d1cc93cca45069c528c15c9fdd749>:0 
  at UnityEditor.EditorAssemblies.ProcessInitializeOnLoadMethodAttributes () [0x00047] in <208f92fc783546f9abbe643bfc23920c>:0 
UnityEngine.StackTraceUtility:ExtractStackTrace ()
UnityEngine.DebugLogHandler:LogFormat (UnityEngine.LogType,UnityEngine.Object,string,object[])
UnityEngine.Logger:Log (UnityEngine.LogType,object)
UnityEngine.Debug:LogError (object)
UnityEditor.EditorAssemblies:ProcessInitializeOnLoadMethodAttributes ()

Mono: successfully reloaded assembly
- Completed reload, in  1.425 seconds
Domain Reload Profiling:
	ReloadAssembly (1426ms)
		BeginReloadAssembly (131ms)
			ExecutionOrderSort (0ms)
			DisableScriptedObjects (6ms)
			BackupInstance (0ms)
			ReleaseScriptingObjects (0ms)
			CreateAndSetChildDomain (47ms)
		EndReloadAssembly (1213ms)
			LoadAssemblies (119ms)
			RebuildTransferFunctionScriptingTraits (0ms)
			SetupTypeCache (411ms)
			ReleaseScriptCaches (1ms)
			RebuildScriptCaches (50ms)
			SetupLoadedEditorAssemblies (470ms)
				LogAssemblyErrors (0ms)
				InitializePlatformSupportModulesInManaged (7ms)
				SetLoadedEditorAssemblies (0ms)
				RefreshPlugins (2ms)
				BeforeProcessingInitializeOnLoad (126ms)
				ProcessInitializeOnLoadAttributes (298ms)
				ProcessInitializeOnLoadMethodAttributes (29ms)
				AfterProcessingInitializeOnLoad (7ms)
				EditorAssembliesLoaded (0ms)
			ExecutionOrderSort2 (0ms)
			AwakeInstancesAfterBackupRestoration (9ms)
Platform modules already initialized, skipping
Refreshing native plugins compatible for Editor in 1.80 ms, found 8 plugins.
Preloading 1 native plugins for Editor in 0.14 ms.
Unloading 2732 Unused Serialized files (Serialized files now loaded: 0)
System memory in use before: 114.4 MB.
System memory in use after: 114.7 MB.

Unloading 23 unused Assets to reduce memory usage. Loaded Objects now: 3220.
Total: 6.100800 ms (FindLiveObjects: 0.562200 ms CreateObjectMapping: 0.390500 ms MarkObjects: 5.104300 ms  DeleteObjects: 0.041700 ms)

AssetImportParameters requested are different than current active one (requested -> active):
  custom:framework-win-MediaFoundation: 216162199b28c13a410421893ffa2e32 -> 
  custom:video-decoder-ogg-theora: a1e56fd34408186e4bbccfd4996cb3dc -> 
  custom:container-muxer-webm: aa71ff27fc2769a1b78a27578f13a17b -> 
  custom:container-demuxer-webm: 4f35f7cbe854078d1ac9338744f61a02 -> 
  custom:container-demuxer-ogg: 62fdf1f143b41e24485cea50d1cbac27 -> 
  custom:video-encoder-webm-vp8: eb34c28f22e8b96e1ab97ce403110664 -> 
  custom:video-codec-MediaFoundation-h265: 746d11721c4dcdbdad8f713fa42b33f4 -> 
  custom:video-decoder-webm-vp8: 9c59270c3fd7afecdb556c50c9e8de78 -> 
  custom:audio-decoder-ogg-vorbis: bf7c407c2cedff20999df2af8eb42d56 -> 
  custom:audio-encoder-webm-vorbis: bf7c407c2cedff20999df2af8eb42d56 -> 
========================================================================
Received Import Request.
  Time since last request: 131.749030 seconds.
  path: Assets/BNG Framework/Integrations/PUN/Resources/RemotePlayer.prefab
  artifactKey: Guid(3744e7a59bc17c543acbe8ec35390d57) Importer(815301076,1909f56bfc062723c751e8b465ee728b)
Start importing Assets/BNG Framework/Integrations/PUN/Resources/RemotePlayer.prefab using Guid(3744e7a59bc17c543acbe8ec35390d57) Importer(815301076,1909f56bfc062723c751e8b465ee728b)  -> (artifact id: 'aae589b4bba18ac55b09845d8581f125') in 0.220554 seconds 
  Import took 0.233090 seconds .

========================================================================
Received Prepare
Registering precompiled user dll's ...
Registered in 0.009213 seconds.
Begin MonoManager ReloadAssembly
Native extension for WindowsStandalone target not found
Refreshing native plugins compatible for Editor in 1.83 ms, found 8 plugins.
Preloading 1 native plugins for Editor in 0.14 ms.
System.Reflection.TargetInvocationException: Exception has been thrown by the target of an invocation. ---> System.NullReferenceException: Object reference not set to an instance of an object
  at Unity.XR.Oculus.OculusLoader.AssetPathToAbsolutePath (System.String assetPath) [0x00048] in C:\Users\Gandalario\Documents\Unity Projects\VRIF_SteamVR\Library\PackageCache\com.unity.xr.oculus@1.10.0\Runtime\OculusLoader.cs:250 
  at Unity.XR.Oculus.OculusLoader.EditorLoadOVRPlugin () [0x0007b] in C:\Users\Gandalario\Documents\Unity Projects\VRIF_SteamVR\Library\PackageCache\com.unity.xr.oculus@1.10.0\Runtime\OculusLoader.cs:235 
  at (wrapper managed-to-native) System.Reflection.MonoMethod.InternalInvoke(System.Reflection.MonoMethod,object,object[],System.Exception&)
  at System.Reflection.MonoMethod.Invoke (System.Object obj, System.Reflection.BindingFlags invokeAttr, System.Reflection.Binder binder, System.Object[] parameters, System.Globalization.CultureInfo culture) [0x00032] in <695d1cc93cca45069c528c15c9fdd749>:0 
   --- End of inner exception stack trace ---
  at System.Reflection.MonoMethod.Invoke (System.Object obj, System.Reflection.BindingFlags invokeAttr, System.Reflection.Binder binder, System.Object[] parameters, System.Globalization.CultureInfo culture) [0x00048] in <695d1cc93cca45069c528c15c9fdd749>:0 
  at System.Reflection.MethodBase.Invoke (System.Object obj, System.Object[] parameters) [0x00000] in <695d1cc93cca45069c528c15c9fdd749>:0 
  at UnityEditor.EditorAssemblies.ProcessInitializeOnLoadMethodAttributes () [0x00047] in <208f92fc783546f9abbe643bfc23920c>:0 
UnityEngine.StackTraceUtility:ExtractStackTrace ()
UnityEngine.DebugLogHandler:LogFormat (UnityEngine.LogType,UnityEngine.Object,string,object[])
UnityEngine.Logger:Log (UnityEngine.LogType,object)
UnityEngine.Debug:LogError (object)
UnityEditor.EditorAssemblies:ProcessInitializeOnLoadMethodAttributes ()

Mono: successfully reloaded assembly
- Completed reload, in  1.448 seconds
Domain Reload Profiling:
	ReloadAssembly (1449ms)
		BeginReloadAssembly (154ms)
			ExecutionOrderSort (0ms)
			DisableScriptedObjects (5ms)
			BackupInstance (0ms)
			ReleaseScriptingObjects (0ms)
			CreateAndSetChildDomain (55ms)
		EndReloadAssembly (1203ms)
			LoadAssemblies (113ms)
			RebuildTransferFunctionScriptingTraits (0ms)
			SetupTypeCache (438ms)
			ReleaseScriptCaches (1ms)
			RebuildScriptCaches (54ms)
			SetupLoadedEditorAssemblies (456ms)
				LogAssemblyErrors (0ms)
				InitializePlatformSupportModulesInManaged (6ms)
				SetLoadedEditorAssemblies (1ms)
				RefreshPlugins (2ms)
				BeforeProcessingInitializeOnLoad (114ms)
				ProcessInitializeOnLoadAttributes (295ms)
				ProcessInitializeOnLoadMethodAttributes (31ms)
				AfterProcessingInitializeOnLoad (7ms)
				EditorAssembliesLoaded (0ms)
			ExecutionOrderSort2 (0ms)
			AwakeInstancesAfterBackupRestoration (7ms)
Platform modules already initialized, skipping
Refreshing native plugins compatible for Editor in 1.91 ms, found 8 plugins.
Preloading 1 native plugins for Editor in 0.17 ms.
Unloading 2732 Unused Serialized files (Serialized files now loaded: 0)
System memory in use before: 132.2 MB.
System memory in use after: 132.5 MB.

Unloading 23 unused Assets to reduce memory usage. Loaded Objects now: 3235.
Total: 6.518900 ms (FindLiveObjects: 1.071000 ms CreateObjectMapping: 0.455800 ms MarkObjects: 4.960000 ms  DeleteObjects: 0.030300 ms)

AssetImportParameters requested are different than current active one (requested -> active):
  custom:framework-win-MediaFoundation: 216162199b28c13a410421893ffa2e32 -> 
  custom:video-decoder-ogg-theora: a1e56fd34408186e4bbccfd4996cb3dc -> 
  custom:container-muxer-webm: aa71ff27fc2769a1b78a27578f13a17b -> 
  custom:container-demuxer-webm: 4f35f7cbe854078d1ac9338744f61a02 -> 
  custom:container-demuxer-ogg: 62fdf1f143b41e24485cea50d1cbac27 -> 
  custom:video-encoder-webm-vp8: eb34c28f22e8b96e1ab97ce403110664 -> 
  custom:video-codec-MediaFoundation-h265: 746d11721c4dcdbdad8f713fa42b33f4 -> 
  custom:video-decoder-webm-vp8: 9c59270c3fd7afecdb556c50c9e8de78 -> 
  custom:audio-decoder-ogg-vorbis: bf7c407c2cedff20999df2af8eb42d56 -> 
  custom:audio-encoder-webm-vorbis: bf7c407c2cedff20999df2af8eb42d56 -> 
========================================================================
Received Prepare
Registering precompiled user dll's ...
Registered in 0.013385 seconds.
Begin MonoManager ReloadAssembly
Native extension for WindowsStandalone target not found
Refreshing native plugins compatible for Editor in 1.53 ms, found 8 plugins.
Preloading 1 native plugins for Editor in 0.13 ms.
System.Reflection.TargetInvocationException: Exception has been thrown by the target of an invocation. ---> System.NullReferenceException: Object reference not set to an instance of an object
  at Unity.XR.Oculus.OculusLoader.AssetPathToAbsolutePath (System.String assetPath) [0x00048] in C:\Users\Gandalario\Documents\Unity Projects\VRIF_SteamVR\Library\PackageCache\com.unity.xr.oculus@1.10.0\Runtime\OculusLoader.cs:250 
  at Unity.XR.Oculus.OculusLoader.EditorLoadOVRPlugin () [0x0007b] in C:\Users\Gandalario\Documents\Unity Projects\VRIF_SteamVR\Library\PackageCache\com.unity.xr.oculus@1.10.0\Runtime\OculusLoader.cs:235 
  at (wrapper managed-to-native) System.Reflection.MonoMethod.InternalInvoke(System.Reflection.MonoMethod,object,object[],System.Exception&)
  at System.Reflection.MonoMethod.Invoke (System.Object obj, System.Reflection.BindingFlags invokeAttr, System.Reflection.Binder binder, System.Object[] parameters, System.Globalization.CultureInfo culture) [0x00032] in <695d1cc93cca45069c528c15c9fdd749>:0 
   --- End of inner exception stack trace ---
  at System.Reflection.MonoMethod.Invoke (System.Object obj, System.Reflection.BindingFlags invokeAttr, System.Reflection.Binder binder, System.Object[] parameters, System.Globalization.CultureInfo culture) [0x00048] in <695d1cc93cca45069c528c15c9fdd749>:0 
  at System.Reflection.MethodBase.Invoke (System.Object obj, System.Object[] parameters) [0x00000] in <695d1cc93cca45069c528c15c9fdd749>:0 
  at UnityEditor.EditorAssemblies.ProcessInitializeOnLoadMethodAttributes () [0x00047] in <208f92fc783546f9abbe643bfc23920c>:0 
UnityEngine.StackTraceUtility:ExtractStackTrace ()
UnityEngine.DebugLogHandler:LogFormat (UnityEngine.LogType,UnityEngine.Object,string,object[])
UnityEngine.Logger:Log (UnityEngine.LogType,object)
UnityEngine.Debug:LogError (object)
UnityEditor.EditorAssemblies:ProcessInitializeOnLoadMethodAttributes ()

Mono: successfully reloaded assembly
- Completed reload, in  1.527 seconds
Domain Reload Profiling:
	ReloadAssembly (1527ms)
		BeginReloadAssembly (139ms)
			ExecutionOrderSort (0ms)
			DisableScriptedObjects (4ms)
			BackupInstance (0ms)
			ReleaseScriptingObjects (0ms)
			CreateAndSetChildDomain (60ms)
		EndReloadAssembly (1303ms)
			LoadAssemblies (127ms)
			RebuildTransferFunctionScriptingTraits (0ms)
			SetupTypeCache (441ms)
			ReleaseScriptCaches (1ms)
			RebuildScriptCaches (70ms)
			SetupLoadedEditorAssemblies (505ms)
				LogAssemblyErrors (0ms)
				InitializePlatformSupportModulesInManaged (5ms)
				SetLoadedEditorAssemblies (1ms)
				RefreshPlugins (2ms)
				BeforeProcessingInitializeOnLoad (147ms)
				ProcessInitializeOnLoadAttributes (313ms)
				ProcessInitializeOnLoadMethodAttributes (29ms)
				AfterProcessingInitializeOnLoad (8ms)
				EditorAssembliesLoaded (0ms)
			ExecutionOrderSort2 (0ms)
			AwakeInstancesAfterBackupRestoration (8ms)
Platform modules already initialized, skipping
Refreshing native plugins compatible for Editor in 1.35 ms, found 8 plugins.
Preloading 1 native plugins for Editor in 0.21 ms.
Unloading 2732 Unused Serialized files (Serialized files now loaded: 0)
System memory in use before: 132.3 MB.
System memory in use after: 132.5 MB.

Unloading 23 unused Assets to reduce memory usage. Loaded Objects now: 3239.
Total: 5.673200 ms (FindLiveObjects: 0.437900 ms CreateObjectMapping: 0.236400 ms MarkObjects: 4.943500 ms  DeleteObjects: 0.053100 ms)

AssetImportParameters requested are different than current active one (requested -> active):
  custom:framework-win-MediaFoundation: 216162199b28c13a410421893ffa2e32 -> 
  custom:video-decoder-ogg-theora: a1e56fd34408186e4bbccfd4996cb3dc -> 
  custom:container-muxer-webm: aa71ff27fc2769a1b78a27578f13a17b -> 
  custom:container-demuxer-webm: 4f35f7cbe854078d1ac9338744f61a02 -> 
  custom:container-demuxer-ogg: 62fdf1f143b41e24485cea50d1cbac27 -> 
  custom:video-encoder-webm-vp8: eb34c28f22e8b96e1ab97ce403110664 -> 
  custom:video-codec-MediaFoundation-h265: 746d11721c4dcdbdad8f713fa42b33f4 -> 
  custom:video-decoder-webm-vp8: 9c59270c3fd7afecdb556c50c9e8de78 -> 
  custom:audio-decoder-ogg-vorbis: bf7c407c2cedff20999df2af8eb42d56 -> 
  custom:audio-encoder-webm-vorbis: bf7c407c2cedff20999df2af8eb42d56 -> 
========================================================================
Received Import Request.
  Time since last request: 1283.251115 seconds.
  path: Assets/BNG Framework/Input/VRIF Default Input Actions.inputactions
  artifactKey: Guid(e39f4b35a6db18348b41eb0262520e69) Importer(815301076,1909f56bfc062723c751e8b465ee728b)
Start importing Assets/BNG Framework/Input/VRIF Default Input Actions.inputactions using Guid(e39f4b35a6db18348b41eb0262520e69) Importer(815301076,1909f56bfc062723c751e8b465ee728b)  -> (artifact id: '8c022b9dca6e106ec077f1b8b72da7fe') in 0.048573 seconds 
  Import took 0.059034 seconds .

========================================================================
Received Import Request.
  Time since last request: 0.000192 seconds.
  path: Assets/BNG Framework/Input/VRIF Emulator Actions.inputactions
  artifactKey: Guid(27bafa1c7d8a77b47985ab70c0511986) Importer(815301076,1909f56bfc062723c751e8b465ee728b)
Start importing Assets/BNG Framework/Input/VRIF Emulator Actions.inputactions using Guid(27bafa1c7d8a77b47985ab70c0511986) Importer(815301076,1909f56bfc062723c751e8b465ee728b)  -> (artifact id: '20e37dc6e8bb2c320719f6c273f9ce83') in 0.029981 seconds 
  Import took 0.043729 seconds .

========================================================================
Received Prepare
Registering precompiled user dll's ...
Registered in 0.014618 seconds.
Begin MonoManager ReloadAssembly
Native extension for WindowsStandalone target not found
Refreshing native plugins compatible for Editor in 1.91 ms, found 8 plugins.
Preloading 1 native plugins for Editor in 0.20 ms.
System.Reflection.TargetInvocationException: Exception has been thrown by the target of an invocation. ---> System.NullReferenceException: Object reference not set to an instance of an object
  at Unity.XR.Oculus.OculusLoader.AssetPathToAbsolutePath (System.String assetPath) [0x00048] in C:\Users\Gandalario\Documents\Unity Projects\VRIF_SteamVR\Library\PackageCache\com.unity.xr.oculus@1.10.0\Runtime\OculusLoader.cs:250 
  at Unity.XR.Oculus.OculusLoader.EditorLoadOVRPlugin () [0x0007b] in C:\Users\Gandalario\Documents\Unity Projects\VRIF_SteamVR\Library\PackageCache\com.unity.xr.oculus@1.10.0\Runtime\OculusLoader.cs:235 
  at (wrapper managed-to-native) System.Reflection.MonoMethod.InternalInvoke(System.Reflection.MonoMethod,object,object[],System.Exception&)
  at System.Reflection.MonoMethod.Invoke (System.Object obj, System.Reflection.BindingFlags invokeAttr, System.Reflection.Binder binder, System.Object[] parameters, System.Globalization.CultureInfo culture) [0x00032] in <695d1cc93cca45069c528c15c9fdd749>:0 
   --- End of inner exception stack trace ---
  at System.Reflection.MonoMethod.Invoke (System.Object obj, System.Reflection.BindingFlags invokeAttr, System.Reflection.Binder binder, System.Object[] parameters, System.Globalization.CultureInfo culture) [0x00048] in <695d1cc93cca45069c528c15c9fdd749>:0 
  at System.Reflection.MethodBase.Invoke (System.Object obj, System.Object[] parameters) [0x00000] in <695d1cc93cca45069c528c15c9fdd749>:0 
  at UnityEditor.EditorAssemblies.ProcessInitializeOnLoadMethodAttributes () [0x00047] in <208f92fc783546f9abbe643bfc23920c>:0 
UnityEngine.StackTraceUtility:ExtractStackTrace ()
UnityEngine.DebugLogHandler:LogFormat (UnityEngine.LogType,UnityEngine.Object,string,object[])
UnityEngine.Logger:Log (UnityEngine.LogType,object)
UnityEngine.Debug:LogError (object)
UnityEditor.EditorAssemblies:ProcessInitializeOnLoadMethodAttributes ()

Mono: successfully reloaded assembly
- Completed reload, in  1.595 seconds
Domain Reload Profiling:
	ReloadAssembly (1595ms)
		BeginReloadAssembly (156ms)
			ExecutionOrderSort (0ms)
			DisableScriptedObjects (5ms)
			BackupInstance (0ms)
			ReleaseScriptingObjects (0ms)
			CreateAndSetChildDomain (72ms)
		EndReloadAssembly (1361ms)
			LoadAssemblies (129ms)
			RebuildTransferFunctionScriptingTraits (0ms)
			SetupTypeCache (446ms)
			ReleaseScriptCaches (2ms)
			RebuildScriptCaches (62ms)
			SetupLoadedEditorAssemblies (535ms)
				LogAssemblyErrors (0ms)
				InitializePlatformSupportModulesInManaged (6ms)
				SetLoadedEditorAssemblies (1ms)
				RefreshPlugins (2ms)
				BeforeProcessingInitializeOnLoad (166ms)
				ProcessInitializeOnLoadAttributes (321ms)
				ProcessInitializeOnLoadMethodAttributes (30ms)
				AfterProcessingInitializeOnLoad (8ms)
				EditorAssembliesLoaded (1ms)
			ExecutionOrderSort2 (0ms)
			AwakeInstancesAfterBackupRestoration (25ms)
Platform modules already initialized, skipping
Refreshing native plugins compatible for Editor in 1.21 ms, found 8 plugins.
Preloading 1 native plugins for Editor in 0.17 ms.
Unloading 2732 Unused Serialized files (Serialized files now loaded: 0)
System memory in use before: 132.3 MB.
System memory in use after: 132.5 MB.

Unloading 23 unused Assets to reduce memory usage. Loaded Objects now: 3243.
Total: 5.856600 ms (FindLiveObjects: 0.495600 ms CreateObjectMapping: 0.351700 ms MarkObjects: 4.964400 ms  DeleteObjects: 0.043100 ms)

AssetImportParameters requested are different than current active one (requested -> active):
  custom:framework-win-MediaFoundation: 216162199b28c13a410421893ffa2e32 -> 
  custom:video-decoder-ogg-theora: a1e56fd34408186e4bbccfd4996cb3dc -> 
  custom:container-muxer-webm: aa71ff27fc2769a1b78a27578f13a17b -> 
  custom:container-demuxer-webm: 4f35f7cbe854078d1ac9338744f61a02 -> 
  custom:container-demuxer-ogg: 62fdf1f143b41e24485cea50d1cbac27 -> 
  custom:video-encoder-webm-vp8: eb34c28f22e8b96e1ab97ce403110664 -> 
  custom:video-codec-MediaFoundation-h265: 746d11721c4dcdbdad8f713fa42b33f4 -> 
  custom:video-decoder-webm-vp8: 9c59270c3fd7afecdb556c50c9e8de78 -> 
  custom:audio-decoder-ogg-vorbis: bf7c407c2cedff20999df2af8eb42d56 -> 
  custom:audio-encoder-webm-vorbis: bf7c407c2cedff20999df2af8eb42d56 -> 
========================================================================
Received Import Request.
  Time since last request: 107.000759 seconds.
  path: Assets/BNG Framework/Fonts/Montserrat-Light.ttf
  artifactKey: Guid(0ebbcec4dd8e2f040b163f10df7e8382) Importer(815301076,1909f56bfc062723c751e8b465ee728b)
Start importing Assets/BNG Framework/Fonts/Montserrat-Light.ttf using Guid(0ebbcec4dd8e2f040b163f10df7e8382) Importer(815301076,1909f56bfc062723c751e8b465ee728b)  -> (artifact id: 'a32ce18b551906e1142a1b6c52842db3') in 0.116002 seconds 
  Import took 0.125283 seconds .

========================================================================
Received Prepare
Registering precompiled user dll's ...
Registered in 0.009325 seconds.
Begin MonoManager ReloadAssembly
Native extension for WindowsStandalone target not found
Refreshing native plugins compatible for Editor in 0.84 ms, found 8 plugins.
Preloading 1 native plugins for Editor in 0.13 ms.
System.Reflection.TargetInvocationException: Exception has been thrown by the target of an invocation. ---> System.NullReferenceException: Object reference not set to an instance of an object
  at Unity.XR.Oculus.OculusLoader.AssetPathToAbsolutePath (System.String assetPath) [0x00048] in C:\Users\Gandalario\Documents\Unity Projects\VRIF_SteamVR\Library\PackageCache\com.unity.xr.oculus@1.10.0\Runtime\OculusLoader.cs:250 
  at Unity.XR.Oculus.OculusLoader.EditorLoadOVRPlugin () [0x0007b] in C:\Users\Gandalario\Documents\Unity Projects\VRIF_SteamVR\Library\PackageCache\com.unity.xr.oculus@1.10.0\Runtime\OculusLoader.cs:235 
  at (wrapper managed-to-native) System.Reflection.MonoMethod.InternalInvoke(System.Reflection.MonoMethod,object,object[],System.Exception&)
  at System.Reflection.MonoMethod.Invoke (System.Object obj, System.Reflection.BindingFlags invokeAttr, System.Reflection.Binder binder, System.Object[] parameters, System.Globalization.CultureInfo culture) [0x00032] in <695d1cc93cca45069c528c15c9fdd749>:0 
   --- End of inner exception stack trace ---
  at System.Reflection.MonoMethod.Invoke (System.Object obj, System.Reflection.BindingFlags invokeAttr, System.Reflection.Binder binder, System.Object[] parameters, System.Globalization.CultureInfo culture) [0x00048] in <695d1cc93cca45069c528c15c9fdd749>:0 
  at System.Reflection.MethodBase.Invoke (System.Object obj, System.Object[] parameters) [0x00000] in <695d1cc93cca45069c528c15c9fdd749>:0 
  at UnityEditor.EditorAssemblies.ProcessInitializeOnLoadMethodAttributes () [0x00047] in <208f92fc783546f9abbe643bfc23920c>:0 
UnityEngine.StackTraceUtility:ExtractStackTrace ()
UnityEngine.DebugLogHandler:LogFormat (UnityEngine.LogType,UnityEngine.Object,string,object[])
UnityEngine.Logger:Log (UnityEngine.LogType,object)
UnityEngine.Debug:LogError (object)
UnityEditor.EditorAssemblies:ProcessInitializeOnLoadMethodAttributes ()

Mono: successfully reloaded assembly
- Completed reload, in  1.454 seconds
Domain Reload Profiling:
	ReloadAssembly (1454ms)
		BeginReloadAssembly (141ms)
			ExecutionOrderSort (0ms)
			DisableScriptedObjects (4ms)
			BackupInstance (0ms)
			ReleaseScriptingObjects (0ms)
			CreateAndSetChildDomain (53ms)
		EndReloadAssembly (1219ms)
			LoadAssemblies (117ms)
			RebuildTransferFunctionScriptingTraits (0ms)
			SetupTypeCache (453ms)
			ReleaseScriptCaches (1ms)
			RebuildScriptCaches (47ms)
			SetupLoadedEditorAssemblies (463ms)
				LogAssemblyErrors (0ms)
				InitializePlatformSupportModulesInManaged (4ms)
				SetLoadedEditorAssemblies (0ms)
				RefreshPlugins (1ms)
				BeforeProcessingInitializeOnLoad (120ms)
				ProcessInitializeOnLoadAttributes (298ms)
				ProcessInitializeOnLoadMethodAttributes (29ms)
				AfterProcessingInitializeOnLoad (9ms)
				EditorAssembliesLoaded (1ms)
			ExecutionOrderSort2 (0ms)
			AwakeInstancesAfterBackupRestoration (9ms)
Platform modules already initialized, skipping
Refreshing native plugins compatible for Editor in 2.46 ms, found 8 plugins.
Preloading 1 native plugins for Editor in 0.16 ms.
Unloading 2732 Unused Serialized files (Serialized files now loaded: 0)
System memory in use before: 132.6 MB.
System memory in use after: 132.9 MB.

Unloading 23 unused Assets to reduce memory usage. Loaded Objects now: 3285.
Total: 5.158700 ms (FindLiveObjects: 0.335000 ms CreateObjectMapping: 0.138500 ms MarkObjects: 4.632700 ms  DeleteObjects: 0.050500 ms)

AssetImportParameters requested are different than current active one (requested -> active):
  custom:framework-win-MediaFoundation: 216162199b28c13a410421893ffa2e32 -> 
  custom:video-decoder-ogg-theora: a1e56fd34408186e4bbccfd4996cb3dc -> 
  custom:container-muxer-webm: aa71ff27fc2769a1b78a27578f13a17b -> 
  custom:container-demuxer-webm: 4f35f7cbe854078d1ac9338744f61a02 -> 
  custom:container-demuxer-ogg: 62fdf1f143b41e24485cea50d1cbac27 -> 
  custom:video-encoder-webm-vp8: eb34c28f22e8b96e1ab97ce403110664 -> 
  custom:video-codec-MediaFoundation-h265: 746d11721c4dcdbdad8f713fa42b33f4 -> 
  custom:video-decoder-webm-vp8: 9c59270c3fd7afecdb556c50c9e8de78 -> 
  custom:audio-decoder-ogg-vorbis: bf7c407c2cedff20999df2af8eb42d56 -> 
  custom:audio-encoder-webm-vorbis: bf7c407c2cedff20999df2af8eb42d56 -> 
========================================================================
Received Import Request.
  Time since last request: 205.332107 seconds.
  path: Assets/BNG Framework/Integrations/PUN/Prefabs/DebugText.prefab
  artifactKey: Guid(646047ce13ec22148b3f890a5471971c) Importer(815301076,1909f56bfc062723c751e8b465ee728b)
Start importing Assets/BNG Framework/Integrations/PUN/Prefabs/DebugText.prefab using Guid(646047ce13ec22148b3f890a5471971c) Importer(815301076,1909f56bfc062723c751e8b465ee728b)  -> (artifact id: 'a9be9006a771fb653e32650a0f48f48d') in 0.118747 seconds 
  Import took 0.126589 seconds .

========================================================================
Received Import Request.
  Time since last request: 0.000255 seconds.
  path: Assets/BNG Framework/Integrations/PUN/Prefabs/NetworkedBall.prefab
  artifactKey: Guid(dded405d29dd5ea4998b68485176a275) Importer(815301076,1909f56bfc062723c751e8b465ee728b)
Start importing Assets/BNG Framework/Integrations/PUN/Prefabs/NetworkedBall.prefab using Guid(dded405d29dd5ea4998b68485176a275) Importer(815301076,1909f56bfc062723c751e8b465ee728b)  -> (artifact id: 'af0b9a0799d73f9eac8e6cfcb405ba8c') in 0.034649 seconds 
  Import took 0.042413 seconds .

========================================================================
Received Import Request.
  Time since last request: 0.000241 seconds.
  path: Assets/BNG Framework/Integrations/PUN/Prefabs/NetworkedHammer.prefab
  artifactKey: Guid(1368e9fa0016fca4c82a05a8af094a46) Importer(815301076,1909f56bfc062723c751e8b465ee728b)
Start importing Assets/BNG Framework/Integrations/PUN/Prefabs/NetworkedHammer.prefab using Guid(1368e9fa0016fca4c82a05a8af094a46) Importer(815301076,1909f56bfc062723c751e8b465ee728b)  -> (artifact id: '4628f1c47193b4d068d265844334c225') in 0.029487 seconds 
  Import took 0.037865 seconds .

========================================================================
Received Import Request.
  Time since last request: 0.000402 seconds.
  path: Assets/BNG Framework/Integrations/PUN/Prefabs/Networked Block.prefab
  artifactKey: Guid(10c9462aa623df9478b05b11a7ee5af8) Importer(815301076,1909f56bfc062723c751e8b465ee728b)
Start importing Assets/BNG Framework/Integrations/PUN/Prefabs/Networked Block.prefab using Guid(10c9462aa623df9478b05b11a7ee5af8) Importer(815301076,1909f56bfc062723c751e8b465ee728b)  -> (artifact id: 'c21ed96649519a36d3991a989cb04145') in 0.021985 seconds 
  Import took 0.029574 seconds .

========================================================================
Received Import Request.
  Time since last request: 0.000251 seconds.
  path: Assets/BNG Framework/Integrations/PUN/Prefabs/NetworkManager.prefab
  artifactKey: Guid(9a6b877f35da7aa4db556157d656d0ff) Importer(815301076,1909f56bfc062723c751e8b465ee728b)
Start importing Assets/BNG Framework/Integrations/PUN/Prefabs/NetworkManager.prefab using Guid(9a6b877f35da7aa4db556157d656d0ff) Importer(815301076,1909f56bfc062723c751e8b465ee728b)  -> (artifact id: '11727a4f5cfcf37fbbeeb2641388e361') in 0.012425 seconds 
  Import took 0.019139 seconds .

========================================================================
Received Import Request.
  Time since last request: 330.122639 seconds.
  path: Assets/Photon/PhotonUnityNetworking/Resources/PhotonServerSettings.asset
  artifactKey: Guid(d8fcf2b7675a268489ad605ded58da29) Importer(815301076,1909f56bfc062723c751e8b465ee728b)
Start importing Assets/Photon/PhotonUnityNetworking/Resources/PhotonServerSettings.asset using Guid(d8fcf2b7675a268489ad605ded58da29) Importer(815301076,1909f56bfc062723c751e8b465ee728b)  -> (artifact id: 'b7b27426cb5f15446173a89ca026b77b') in 0.011985 seconds 
  Import took 0.019982 seconds .

========================================================================
Received Import Request.
  Time since last request: 1.412024 seconds.
  path: Assets/Photon/PhotonUnityNetworking/Icons/PunIcon-128.png
  artifactKey: Guid(bd293dc32f4aaf94e8274f2fac2cdf89) Importer(815301076,1909f56bfc062723c751e8b465ee728b)
Start importing Assets/Photon/PhotonUnityNetworking/Icons/PunIcon-128.png using Guid(bd293dc32f4aaf94e8274f2fac2cdf89) Importer(815301076,1909f56bfc062723c751e8b465ee728b)  -> (artifact id: '73b9f3721dd879f6dc7753b054f9b496') in 0.050740 seconds 
  Import took 0.060184 seconds .

========================================================================
Received Import Request.
  Time since last request: 0.000383 seconds.
  path: Assets/Photon/PhotonUnityNetworking/Icons/PunIconApp512.png
  artifactKey: Guid(7377013011b4c3348809ff574abe799e) Importer(815301076,1909f56bfc062723c751e8b465ee728b)
Start importing Assets/Photon/PhotonUnityNetworking/Icons/PunIconApp512.png using Guid(7377013011b4c3348809ff574abe799e) Importer(815301076,1909f56bfc062723c751e8b465ee728b)  -> (artifact id: 'eef326c23cfd708746a64b3ded71c4ba') in 0.039281 seconds 
  Import took 0.046301 seconds .

========================================================================
Received Import Request.
  Time since last request: 0.000191 seconds.
  path: Assets/Photon/PhotonUnityNetworking/Icons/PunIconApp128.png
  artifactKey: Guid(f00feafcf0675cd47a48f83ae42b06d4) Importer(815301076,1909f56bfc062723c751e8b465ee728b)
Start importing Assets/Photon/PhotonUnityNetworking/Icons/PunIconApp128.png using Guid(f00feafcf0675cd47a48f83ae42b06d4) Importer(815301076,1909f56bfc062723c751e8b465ee728b)  -> (artifact id: 'b9bd1f7363fb301011c695c7774e5f1f') in 0.022688 seconds 
  Import took 0.028682 seconds .

========================================================================
Received Import Request.
  Time since last request: 0.000204 seconds.
  path: Assets/Photon/PhotonUnityNetworking/Icons/PunIconApp32.png
  artifactKey: Guid(436c5e63723127948af8857e903f658a) Importer(815301076,1909f56bfc062723c751e8b465ee728b)
Start importing Assets/Photon/PhotonUnityNetworking/Icons/PunIconApp32.png using Guid(436c5e63723127948af8857e903f658a) Importer(815301076,1909f56bfc062723c751e8b465ee728b)  -> (artifact id: '51f3ae079021d3d540fcaa325fd8899a') in 0.026200 seconds 
  Import took 0.033220 seconds .

========================================================================
Received Import Request.
  Time since last request: 0.000206 seconds.
  path: Assets/Photon/PhotonUnityNetworking/Icons/PunIconApp48.png
  artifactKey: Guid(44ebd8e6f42cae445ab4b22f0a9b48a0) Importer(815301076,1909f56bfc062723c751e8b465ee728b)
Start importing Assets/Photon/PhotonUnityNetworking/Icons/PunIconApp48.png using Guid(44ebd8e6f42cae445ab4b22f0a9b48a0) Importer(815301076,1909f56bfc062723c751e8b465ee728b)  -> (artifact id: '429747540ae9a01ebebeb6dfa6a53961') in 0.042550 seconds 
  Import took 0.049210 seconds .

========================================================================
Received Prepare
Registering precompiled user dll's ...
Registered in 0.017775 seconds.
Begin MonoManager ReloadAssembly
Native extension for WindowsStandalone target not found
Refreshing native plugins compatible for Editor in 1.76 ms, found 8 plugins.
Preloading 1 native plugins for Editor in 0.22 ms.
System.Reflection.TargetInvocationException: Exception has been thrown by the target of an invocation. ---> System.NullReferenceException: Object reference not set to an instance of an object
  at Unity.XR.Oculus.OculusLoader.AssetPathToAbsolutePath (System.String assetPath) [0x00048] in C:\Users\Gandalario\Documents\Unity Projects\VRIF_SteamVR\Library\PackageCache\com.unity.xr.oculus@1.10.0\Runtime\OculusLoader.cs:250 
  at Unity.XR.Oculus.OculusLoader.EditorLoadOVRPlugin () [0x0007b] in C:\Users\Gandalario\Documents\Unity Projects\VRIF_SteamVR\Library\PackageCache\com.unity.xr.oculus@1.10.0\Runtime\OculusLoader.cs:235 
  at (wrapper managed-to-native) System.Reflection.MonoMethod.InternalInvoke(System.Reflection.MonoMethod,object,object[],System.Exception&)
  at System.Reflection.MonoMethod.Invoke (System.Object obj, System.Reflection.BindingFlags invokeAttr, System.Reflection.Binder binder, System.Object[] parameters, System.Globalization.CultureInfo culture) [0x00032] in <695d1cc93cca45069c528c15c9fdd749>:0 
   --- End of inner exception stack trace ---
  at System.Reflection.MonoMethod.Invoke (System.Object obj, System.Reflection.BindingFlags invokeAttr, System.Reflection.Binder binder, System.Object[] parameters, System.Globalization.CultureInfo culture) [0x00048] in <695d1cc93cca45069c528c15c9fdd749>:0 
  at System.Reflection.MethodBase.Invoke (System.Object obj, System.Object[] parameters) [0x00000] in <695d1cc93cca45069c528c15c9fdd749>:0 
  at UnityEditor.EditorAssemblies.ProcessInitializeOnLoadMethodAttributes () [0x00047] in <208f92fc783546f9abbe643bfc23920c>:0 
UnityEngine.StackTraceUtility:ExtractStackTrace ()
UnityEngine.DebugLogHandler:LogFormat (UnityEngine.LogType,UnityEngine.Object,string,object[])
UnityEngine.Logger:Log (UnityEngine.LogType,object)
UnityEngine.Debug:LogError (object)
UnityEditor.EditorAssemblies:ProcessInitializeOnLoadMethodAttributes ()

Mono: successfully reloaded assembly
- Completed reload, in  1.614 seconds
Domain Reload Profiling:
	ReloadAssembly (1615ms)
		BeginReloadAssembly (141ms)
			ExecutionOrderSort (0ms)
			DisableScriptedObjects (5ms)
			BackupInstance (0ms)
			ReleaseScriptingObjects (0ms)
			CreateAndSetChildDomain (51ms)
		EndReloadAssembly (1383ms)
			LoadAssemblies (117ms)
			RebuildTransferFunctionScriptingTraits (0ms)
			SetupTypeCache (532ms)
			ReleaseScriptCaches (2ms)
			RebuildScriptCaches (79ms)
			SetupLoadedEditorAssemblies (491ms)
				LogAssemblyErrors (0ms)
				InitializePlatformSupportModulesInManaged (7ms)
				SetLoadedEditorAssemblies (0ms)
				RefreshPlugins (2ms)
				BeforeProcessingInitializeOnLoad (139ms)
				ProcessInitializeOnLoadAttributes (308ms)
				ProcessInitializeOnLoadMethodAttributes (27ms)
				AfterProcessingInitializeOnLoad (8ms)
				EditorAssembliesLoaded (0ms)
			ExecutionOrderSort2 (0ms)
			AwakeInstancesAfterBackupRestoration (7ms)
Platform modules already initialized, skipping
Refreshing native plugins compatible for Editor in 1.70 ms, found 8 plugins.
Preloading 1 native plugins for Editor in 0.19 ms.
Unloading 2732 Unused Serialized files (Serialized files now loaded: 0)
System memory in use before: 132.7 MB.
System memory in use after: 132.9 MB.

Unloading 24 unused Assets to reduce memory usage. Loaded Objects now: 3296.
Total: 6.429500 ms (FindLiveObjects: 0.973400 ms CreateObjectMapping: 0.394400 ms MarkObjects: 5.028200 ms  DeleteObjects: 0.031400 ms)

AssetImportParameters requested are different than current active one (requested -> active):
  custom:framework-win-MediaFoundation: 216162199b28c13a410421893ffa2e32 -> 
  custom:video-decoder-ogg-theora: a1e56fd34408186e4bbccfd4996cb3dc -> 
  custom:container-muxer-webm: aa71ff27fc2769a1b78a27578f13a17b -> 
  custom:container-demuxer-webm: 4f35f7cbe854078d1ac9338744f61a02 -> 
  custom:container-demuxer-ogg: 62fdf1f143b41e24485cea50d1cbac27 -> 
  custom:video-encoder-webm-vp8: eb34c28f22e8b96e1ab97ce403110664 -> 
  custom:video-codec-MediaFoundation-h265: 746d11721c4dcdbdad8f713fa42b33f4 -> 
  custom:video-decoder-webm-vp8: 9c59270c3fd7afecdb556c50c9e8de78 -> 
  custom:audio-decoder-ogg-vorbis: bf7c407c2cedff20999df2af8eb42d56 -> 
  custom:audio-encoder-webm-vorbis: bf7c407c2cedff20999df2af8eb42d56 -> 
AssetImportWorkerClient::OnTransportError - code=2 error=End of file
